#
# A fatal error has been detected by the Java Runtime Environment:
#
#  EXCEPTION_ACCESS_VIOLATION (0xc0000005) at pc=0x000000006ee76520, pid=12888, tid=14688
#
# JRE version: Java(TM) SE Runtime Environment (17.0.5+9) (build 17.0.5+9-LTS-191)
# Java VM: Java HotSpot(TM) 64-Bit Server VM (17.0.5+9-LTS-191, mixed mode, emulated-client, sharing, tiered, compressed oops, compressed class ptrs, g1 gc, windows-amd64)
# Problematic frame:
# C  [xuggle4892241019558322552.dll+0x736520]
#
# No core dump will be written. Minidumps are not enabled by default on client versions of Windows
#
# If you would like to submit a bug report, please visit:
#   https://bugreport.java.com/bugreport/crash.jsp
# The crash happened outside the Java Virtual Machine in native code.
# See problematic frame for where to report the bug.
#

---------------  S U M M A R Y ------------

Command Line: -XX:TieredStopAtLevel=1 -Dspring.output.ansi.enabled=always -Dcom.sun.management.jmxremote -Dspring.jmx.enabled=true -Dspring.liveBeansView.mbeanDomain -Dspring.application.admin.enabled=true -Dmanagement.endpoints.jmx.exposure.include=* -javaagent:C:\Program Files\JetBrains\IntelliJ IDEA 2023.2\lib\idea_rt.jar=54270:C:\Program Files\JetBrains\IntelliJ IDEA 2023.2\bin -Dfile.encoding=UTF-8 com.example.Application

Host: AMD Ryzen 3 3200U with Radeon Vega Mobile Gfx  , 4 cores, 5G,  Windows 10 , 64 bit Build 19041 (10.0.19041.3155)
Time: Sat Aug 12 14:53:19 2023 West Asia Standard Time elapsed time: 75.033152 seconds (0d 0h 1m 15s)

---------------  T H R E A D  ---------------

Current thread (0x000001f6faa21bb0):  JavaThread "http-nio-8080-exec-2" daemon [_thread_in_native, id=14688, stack(0x000000679b800000,0x000000679b900000)]

Stack: [0x000000679b800000,0x000000679b900000],  sp=0x000000679b8f9850,  free space=998k
Native frames: (J=compiled Java code, j=interpreted, Vv=VM code, C=native code)
C  [xuggle4892241019558322552.dll+0x736520]

Java frames: (J=compiled Java code, j=interpreted, Vv=VM code)
j  com.xuggle.xuggler.XugglerJNI.IContainer_open__SWIG_1(JLcom/xuggle/xuggler/IContainer;Ljava/lang/String;IJLcom/xuggle/xuggler/IContainerFormat;ZZ)I+0
j  com.xuggle.xuggler.IContainer.open(Ljava/lang/String;Lcom/xuggle/xuggler/IContainer$Type;Lcom/xuggle/xuggler/IContainerFormat;ZZ)I+19
j  com.example.service.AttachService.save(Lorg/springframework/web/multipart/MultipartFile;)Lcom/example/dto/AttachDTO;+137
j  com.example.controller.AttachController.upload(Lorg/springframework/web/multipart/MultipartFile;)Lorg/springframework/http/ResponseEntity;+8
v  ~StubRoutines::call_stub
J 4170  jdk.internal.reflect.NativeMethodAccessorImpl.invoke0(Ljava/lang/reflect/Method;Ljava/lang/Object;[Ljava/lang/Object;)Ljava/lang/Object; java.base@17.0.5 (0 bytes) @ 0x000001f6eca890a7 [0x000001f6eca89020+0x0000000000000087]
J 4169 c1 jdk.internal.reflect.NativeMethodAccessorImpl.invoke(Ljava/lang/Object;[Ljava/lang/Object;)Ljava/lang/Object; java.base@17.0.5 (137 bytes) @ 0x000001f6eca89894 [0x000001f6eca89580+0x0000000000000314]
J 3836 c1 jdk.internal.reflect.DelegatingMethodAccessorImpl.invoke(Ljava/lang/Object;[Ljava/lang/Object;)Ljava/lang/Object; java.base@17.0.5 (10 bytes) @ 0x000001f6eca10564 [0x000001f6eca10520+0x0000000000000044]
J 3847 c1 java.lang.reflect.Method.invoke(Ljava/lang/Object;[Ljava/lang/Object;)Ljava/lang/Object; java.base@17.0.5 (65 bytes) @ 0x000001f6eca13464 [0x000001f6eca13360+0x0000000000000104]
j  org.springframework.aop.support.AopUtils.invokeJoinpointUsingReflection(Ljava/lang/Object;Ljava/lang/reflect/Method;[Ljava/lang/Object;)Ljava/lang/Object;+7
j  org.springframework.aop.framework.CglibAopProxy$DynamicAdvisedInterceptor.intercept(Ljava/lang/Object;Ljava/lang/reflect/Method;[Ljava/lang/Object;Lorg/springframework/cglib/proxy/MethodProxy;)Ljava/lang/Object;+96
j  com.example.controller.AttachController$$SpringCGLIB$$0.upload(Lorg/springframework/web/multipart/MultipartFile;)Lorg/springframework/http/ResponseEntity;+36
v  ~StubRoutines::call_stub
J 4170  jdk.internal.reflect.NativeMethodAccessorImpl.invoke0(Ljava/lang/reflect/Method;Ljava/lang/Object;[Ljava/lang/Object;)Ljava/lang/Object; java.base@17.0.5 (0 bytes) @ 0x000001f6eca890a7 [0x000001f6eca89020+0x0000000000000087]
J 4169 c1 jdk.internal.reflect.NativeMethodAccessorImpl.invoke(Ljava/lang/Object;[Ljava/lang/Object;)Ljava/lang/Object; java.base@17.0.5 (137 bytes) @ 0x000001f6eca89894 [0x000001f6eca89580+0x0000000000000314]
J 3836 c1 jdk.internal.reflect.DelegatingMethodAccessorImpl.invoke(Ljava/lang/Object;[Ljava/lang/Object;)Ljava/lang/Object; java.base@17.0.5 (10 bytes) @ 0x000001f6eca10564 [0x000001f6eca10520+0x0000000000000044]
J 3847 c1 java.lang.reflect.Method.invoke(Ljava/lang/Object;[Ljava/lang/Object;)Ljava/lang/Object; java.base@17.0.5 (65 bytes) @ 0x000001f6eca13464 [0x000001f6eca13360+0x0000000000000104]
j  org.springframework.web.method.support.InvocableHandlerMethod.doInvoke([Ljava/lang/Object;)Ljava/lang/Object;+29
j  org.springframework.web.method.support.InvocableHandlerMethod.invokeForRequest(Lorg/springframework/web/context/request/NativeWebRequest;Lorg/springframework/web/method/support/ModelAndViewContainer;[Ljava/lang/Object;)Ljava/lang/Object;+41
j  org.springframework.web.servlet.mvc.method.annotation.ServletInvocableHandlerMethod.invokeAndHandle(Lorg/springframework/web/context/request/ServletWebRequest;Lorg/springframework/web/method/support/ModelAndViewContainer;[Ljava/lang/Object;)V+4
j  org.springframework.web.servlet.mvc.method.annotation.RequestMappingHandlerAdapter.invokeHandlerMethod(Ljakarta/servlet/http/HttpServletRequest;Ljakarta/servlet/http/HttpServletResponse;Lorg/springframework/web/method/HandlerMethod;)Lorg/springframework/web/servlet/ModelAndView;+244
j  org.springframework.web.servlet.mvc.method.annotation.RequestMappingHandlerAdapter.handleInternal(Ljakarta/servlet/http/HttpServletRequest;Ljakarta/servlet/http/HttpServletResponse;Lorg/springframework/web/method/HandlerMethod;)Lorg/springframework/web/servlet/ModelAndView;+81
j  org.springframework.web.servlet.mvc.method.AbstractHandlerMethodAdapter.handle(Ljakarta/servlet/http/HttpServletRequest;Ljakarta/servlet/http/HttpServletResponse;Ljava/lang/Object;)Lorg/springframework/web/servlet/ModelAndView;+7
j  org.springframework.web.servlet.DispatcherServlet.doDispatch(Ljakarta/servlet/http/HttpServletRequest;Ljakarta/servlet/http/HttpServletResponse;)V+259
j  org.springframework.web.servlet.DispatcherServlet.doService(Ljakarta/servlet/http/HttpServletRequest;Ljakarta/servlet/http/HttpServletResponse;)V+242
j  org.springframework.web.servlet.FrameworkServlet.processRequest(Ljakarta/servlet/http/HttpServletRequest;Ljakarta/servlet/http/HttpServletResponse;)V+70
j  org.springframework.web.servlet.FrameworkServlet.doPost(Ljakarta/servlet/http/HttpServletRequest;Ljakarta/servlet/http/HttpServletResponse;)V+3
j  jakarta.servlet.http.HttpServlet.service(Ljakarta/servlet/http/HttpServletRequest;Ljakarta/servlet/http/HttpServletResponse;)V+149
j  org.springframework.web.servlet.FrameworkServlet.service(Ljakarta/servlet/http/HttpServletRequest;Ljakarta/servlet/http/HttpServletResponse;)V+20
j  jakarta.servlet.http.HttpServlet.service(Ljakarta/servlet/ServletRequest;Ljakarta/servlet/ServletResponse;)V+36
j  org.apache.catalina.core.ApplicationFilterChain.internalDoFilter(Ljakarta/servlet/ServletRequest;Ljakarta/servlet/ServletResponse;)V+305
j  org.apache.catalina.core.ApplicationFilterChain.doFilter(Ljakarta/servlet/ServletRequest;Ljakarta/servlet/ServletResponse;)V+99
j  org.apache.tomcat.websocket.server.WsFilter.doFilter(Ljakarta/servlet/ServletRequest;Ljakarta/servlet/ServletResponse;Ljakarta/servlet/FilterChain;)V+21
j  org.apache.catalina.core.ApplicationFilterChain.internalDoFilter(Ljakarta/servlet/ServletRequest;Ljakarta/servlet/ServletResponse;)V+135
j  org.apache.catalina.core.ApplicationFilterChain.doFilter(Ljakarta/servlet/ServletRequest;Ljakarta/servlet/ServletResponse;)V+99
j  org.springframework.web.filter.OncePerRequestFilter.doFilter(Ljakarta/servlet/ServletRequest;Ljakarta/servlet/ServletResponse;Ljakarta/servlet/FilterChain;)V+84
j  org.apache.catalina.core.ApplicationFilterChain.internalDoFilter(Ljakarta/servlet/ServletRequest;Ljakarta/servlet/ServletResponse;)V+135
j  org.apache.catalina.core.ApplicationFilterChain.doFilter(Ljakarta/servlet/ServletRequest;Ljakarta/servlet/ServletResponse;)V+99
j  org.springframework.security.web.FilterChainProxy.lambda$doFilterInternal$3(Lorg/springframework/security/web/firewall/FirewalledRequest;Ljakarta/servlet/FilterChain;Ljakarta/servlet/ServletRequest;Ljakarta/servlet/ServletResponse;)V+35
j  org.springframework.security.web.FilterChainProxy$$Lambda$1495+0x00000008015d27f8.doFilter(Ljakarta/servlet/ServletRequest;Ljakarta/servlet/ServletResponse;)V+10
j  org.springframework.security.web.FilterChainProxy$VirtualFilterChain.doFilter(Ljakarta/servlet/ServletRequest;Ljakarta/servlet/ServletResponse;)V+17
j  org.springframework.security.web.access.intercept.AuthorizationFilter.doFilter(Ljakarta/servlet/ServletRequest;Ljakarta/servlet/ServletResponse;Ljakarta/servlet/FilterChain;)V+143
j  org.springframework.security.web.FilterChainProxy$VirtualFilterChain.doFilter(Ljakarta/servlet/ServletRequest;Ljakarta/servlet/ServletResponse;)V+105
j  org.springframework.security.web.access.ExceptionTranslationFilter.doFilter(Ljakarta/servlet/http/HttpServletRequest;Ljakarta/servlet/http/HttpServletResponse;Ljakarta/servlet/FilterChain;)V+3
j  org.springframework.security.web.access.ExceptionTranslationFilter.doFilter(Ljakarta/servlet/ServletRequest;Ljakarta/servlet/ServletResponse;Ljakarta/servlet/FilterChain;)V+10
j  org.springframework.security.web.FilterChainProxy$VirtualFilterChain.doFilter(Ljakarta/servlet/ServletRequest;Ljakarta/servlet/ServletResponse;)V+105
j  org.springframework.security.web.authentication.AnonymousAuthenticationFilter.doFilter(Ljakarta/servlet/ServletRequest;Ljakarta/servlet/ServletResponse;Ljakarta/servlet/FilterChain;)V+33
j  org.springframework.security.web.FilterChainProxy$VirtualFilterChain.doFilter(Ljakarta/servlet/ServletRequest;Ljakarta/servlet/ServletResponse;)V+105
j  org.springframework.security.web.servletapi.SecurityContextHolderAwareRequestFilter.doFilter(Ljakarta/servlet/ServletRequest;Ljakarta/servlet/ServletResponse;Ljakarta/servlet/FilterChain;)V+19
j  org.springframework.security.web.FilterChainProxy$VirtualFilterChain.doFilter(Ljakarta/servlet/ServletRequest;Ljakarta/servlet/ServletResponse;)V+105
j  org.springframework.security.web.savedrequest.RequestCacheAwareFilter.doFilter(Ljakarta/servlet/ServletRequest;Ljakarta/servlet/ServletResponse;Ljakarta/servlet/FilterChain;)V+32
j  org.springframework.security.web.FilterChainProxy$VirtualFilterChain.doFilter(Ljakarta/servlet/ServletRequest;Ljakarta/servlet/ServletResponse;)V+105
j  org.springframework.web.filter.OncePerRequestFilter.doFilter(Ljakarta/servlet/ServletRequest;Ljakarta/servlet/ServletResponse;Ljakarta/servlet/FilterChain;)V+84
j  org.springframework.security.web.FilterChainProxy$VirtualFilterChain.doFilter(Ljakarta/servlet/ServletRequest;Ljakarta/servlet/ServletResponse;)V+105
j  org.springframework.security.web.authentication.logout.LogoutFilter.doFilter(Ljakarta/servlet/http/HttpServletRequest;Ljakarta/servlet/http/HttpServletResponse;Ljakarta/servlet/FilterChain;)V+83
j  org.springframework.security.web.authentication.logout.LogoutFilter.doFilter(Ljakarta/servlet/ServletRequest;Ljakarta/servlet/ServletResponse;Ljakarta/servlet/FilterChain;)V+10
j  org.springframework.security.web.FilterChainProxy$VirtualFilterChain.doFilter(Ljakarta/servlet/ServletRequest;Ljakarta/servlet/ServletResponse;)V+105
j  org.springframework.security.web.header.HeaderWriterFilter.doHeadersAfter(Ljakarta/servlet/http/HttpServletRequest;Ljakarta/servlet/http/HttpServletResponse;Ljakarta/servlet/FilterChain;)V+29
j  org.springframework.security.web.header.HeaderWriterFilter.doFilterInternal(Ljakarta/servlet/http/HttpServletRequest;Ljakarta/servlet/http/HttpServletResponse;Ljakarta/servlet/FilterChain;)V+21
j  org.springframework.web.filter.OncePerRequestFilter.doFilter(Ljakarta/servlet/ServletRequest;Ljakarta/servlet/ServletResponse;Ljakarta/servlet/FilterChain;)V+150
j  org.springframework.security.web.FilterChainProxy$VirtualFilterChain.doFilter(Ljakarta/servlet/ServletRequest;Ljakarta/servlet/ServletResponse;)V+105
j  org.springframework.security.web.context.SecurityContextHolderFilter.doFilter(Ljakarta/servlet/http/HttpServletRequest;Ljakarta/servlet/http/HttpServletResponse;Ljakarta/servlet/FilterChain;)V+59
j  org.springframework.security.web.context.SecurityContextHolderFilter.doFilter(Ljakarta/servlet/ServletRequest;Ljakarta/servlet/ServletResponse;Ljakarta/servlet/FilterChain;)V+10
j  org.springframework.security.web.FilterChainProxy$VirtualFilterChain.doFilter(Ljakarta/servlet/ServletRequest;Ljakarta/servlet/ServletResponse;)V+105
j  org.springframework.security.web.context.request.async.WebAsyncManagerIntegrationFilter.doFilterInternal(Ljakarta/servlet/http/HttpServletRequest;Ljakarta/servlet/http/HttpServletResponse;Ljakarta/servlet/FilterChain;)V+55
j  org.springframework.web.filter.OncePerRequestFilter.doFilter(Ljakarta/servlet/ServletRequest;Ljakarta/servlet/ServletResponse;Ljakarta/servlet/FilterChain;)V+150
j  org.springframework.security.web.FilterChainProxy$VirtualFilterChain.doFilter(Ljakarta/servlet/ServletRequest;Ljakarta/servlet/ServletResponse;)V+105
j  org.springframework.security.web.session.DisableEncodeUrlFilter.doFilterInternal(Ljakarta/servlet/http/HttpServletRequest;Ljakarta/servlet/http/HttpServletResponse;Ljakarta/servlet/FilterChain;)V+10
j  org.springframework.web.filter.OncePerRequestFilter.doFilter(Ljakarta/servlet/ServletRequest;Ljakarta/servlet/ServletResponse;Ljakarta/servlet/FilterChain;)V+150
j  org.springframework.security.web.FilterChainProxy$VirtualFilterChain.doFilter(Ljakarta/servlet/ServletRequest;Ljakarta/servlet/ServletResponse;)V+105
j  org.springframework.security.web.FilterChainProxy.doFilterInternal(Ljakarta/servlet/ServletRequest;Ljakarta/servlet/ServletResponse;Ljakarta/servlet/FilterChain;)V+163
j  org.springframework.security.web.FilterChainProxy.doFilter(Ljakarta/servlet/ServletRequest;Ljakarta/servlet/ServletResponse;Ljakarta/servlet/FilterChain;)V+48
j  org.springframework.web.filter.DelegatingFilterProxy.invokeDelegate(Ljakarta/servlet/Filter;Ljakarta/servlet/ServletRequest;Ljakarta/servlet/ServletResponse;Ljakarta/servlet/FilterChain;)V+5
j  org.springframework.web.filter.DelegatingFilterProxy.doFilter(Ljakarta/servlet/ServletRequest;Ljakarta/servlet/ServletResponse;Ljakarta/servlet/FilterChain;)V+85
j  org.apache.catalina.core.ApplicationFilterChain.internalDoFilter(Ljakarta/servlet/ServletRequest;Ljakarta/servlet/ServletResponse;)V+135
j  org.apache.catalina.core.ApplicationFilterChain.doFilter(Ljakarta/servlet/ServletRequest;Ljakarta/servlet/ServletResponse;)V+99
j  org.springframework.web.filter.RequestContextFilter.doFilterInternal(Ljakarta/servlet/http/HttpServletRequest;Ljakarta/servlet/http/HttpServletResponse;Ljakarta/servlet/FilterChain;)V+21
j  org.springframework.web.filter.OncePerRequestFilter.doFilter(Ljakarta/servlet/ServletRequest;Ljakarta/servlet/ServletResponse;Ljakarta/servlet/FilterChain;)V+150
j  org.apache.catalina.core.ApplicationFilterChain.internalDoFilter(Ljakarta/servlet/ServletRequest;Ljakarta/servlet/ServletResponse;)V+135
j  org.apache.catalina.core.ApplicationFilterChain.doFilter(Ljakarta/servlet/ServletRequest;Ljakarta/servlet/ServletResponse;)V+99
j  org.springframework.web.filter.FormContentFilter.doFilterInternal(Ljakarta/servlet/http/HttpServletRequest;Ljakarta/servlet/http/HttpServletResponse;Ljakarta/servlet/FilterChain;)V+38
j  org.springframework.web.filter.OncePerRequestFilter.doFilter(Ljakarta/servlet/ServletRequest;Ljakarta/servlet/ServletResponse;Ljakarta/servlet/FilterChain;)V+150
j  org.apache.catalina.core.ApplicationFilterChain.internalDoFilter(Ljakarta/servlet/ServletRequest;Ljakarta/servlet/ServletResponse;)V+135
j  org.apache.catalina.core.ApplicationFilterChain.doFilter(Ljakarta/servlet/ServletRequest;Ljakarta/servlet/ServletResponse;)V+99
j  org.springframework.web.filter.CharacterEncodingFilter.doFilterInternal(Ljakarta/servlet/http/HttpServletRequest;Ljakarta/servlet/http/HttpServletResponse;Ljakarta/servlet/FilterChain;)V+53
j  org.springframework.web.filter.OncePerRequestFilter.doFilter(Ljakarta/servlet/ServletRequest;Ljakarta/servlet/ServletResponse;Ljakarta/servlet/FilterChain;)V+150
j  org.apache.catalina.core.ApplicationFilterChain.internalDoFilter(Ljakarta/servlet/ServletRequest;Ljakarta/servlet/ServletResponse;)V+135
j  org.apache.catalina.core.ApplicationFilterChain.doFilter(Ljakarta/servlet/ServletRequest;Ljakarta/servlet/ServletResponse;)V+99
j  org.apache.catalina.core.StandardWrapperValve.invoke(Lorg/apache/catalina/connector/Request;Lorg/apache/catalina/connector/Response;)V+514
j  org.apache.catalina.core.StandardContextValve.invoke(Lorg/apache/catalina/connector/Request;Lorg/apache/catalina/connector/Response;)V+169
j  org.apache.catalina.authenticator.AuthenticatorBase.invoke(Lorg/apache/catalina/connector/Request;Lorg/apache/catalina/connector/Response;)V+218
j  org.apache.catalina.core.StandardHostValve.invoke(Lorg/apache/catalina/connector/Request;Lorg/apache/catalina/connector/Response;)V+131
j  org.apache.catalina.valves.ErrorReportValve.invoke(Lorg/apache/catalina/connector/Request;Lorg/apache/catalina/connector/Response;)V+6
j  org.apache.catalina.core.StandardEngineValve.invoke(Lorg/apache/catalina/connector/Request;Lorg/apache/catalina/connector/Response;)V+59
j  org.apache.catalina.connector.CoyoteAdapter.service(Lorg/apache/coyote/Request;Lorg/apache/coyote/Response;)V+187
j  org.apache.coyote.http11.Http11Processor.service(Lorg/apache/tomcat/util/net/SocketWrapperBase;)Lorg/apache/tomcat/util/net/AbstractEndpoint$Handler$SocketState;+785
j  org.apache.coyote.AbstractProcessorLight.process(Lorg/apache/tomcat/util/net/SocketWrapperBase;Lorg/apache/tomcat/util/net/SocketEvent;)Lorg/apache/tomcat/util/net/AbstractEndpoint$Handler$SocketState;+152
j  org.apache.coyote.AbstractProtocol$ConnectionHandler.process(Lorg/apache/tomcat/util/net/SocketWrapperBase;Lorg/apache/tomcat/util/net/SocketEvent;)Lorg/apache/tomcat/util/net/AbstractEndpoint$Handler$SocketState;+482
j  org.apache.tomcat.util.net.NioEndpoint$SocketProcessor.doRun()V+249
j  org.apache.tomcat.util.net.SocketProcessorBase.run()V+32
j  org.apache.tomcat.util.threads.ThreadPoolExecutor.runWorker(Lorg/apache/tomcat/util/threads/ThreadPoolExecutor$Worker;)V+92
j  org.apache.tomcat.util.threads.ThreadPoolExecutor$Worker.run()V+5
j  org.apache.tomcat.util.threads.TaskThread$WrappingRunnable.run()V+4
j  java.lang.Thread.run()V+11 java.base@17.0.5
v  ~StubRoutines::call_stub

siginfo: EXCEPTION_ACCESS_VIOLATION (0xc0000005), reading address 0xffffffffffffffff


Register to memory mapping:

RIP=0x000000006ee76520 xuggle4892241019558322552.dll
RAX=0x000001f6fc68e290 points into unknown readable memory: 0x8000000000000000 | 00 00 00 00 00 00 00 80
RBX=0x000001f6f68df5d0 points into unknown readable memory: 0x0000000000000005 | 05 00 00 00 00 00 00 00
RCX=0x000001f6fc68e290 points into unknown readable memory: 0x8000000000000000 | 00 00 00 00 00 00 00 80
RDX=0x0000000000000009 is an unknown value
RSP=0x000000679b8f9850 is pointing into the stack for thread: 0x000001f6faa21bb0
RBP=0x000001f6fc68d9d0 points into unknown readable memory: 0x000001f6f4ee01a0 | a0 01 ee f4 f6 01 00 00
RSI=0x000001f6fc68f290 points into unknown readable memory: 0x0000000100000009 | 09 00 00 00 01 00 00 00
RDI=0x0000000000000004 is an unknown value
R8 =0x000000006ee77580 xuggle4892241019558322552.dll
R9 =0x000000006ee76490 xuggle4892241019558322552.dll
R10=0x000001f6f6a7e4e0 points into unknown readable memory: 0x016400c401840004 | 04 00 84 01 c4 00 64 01
R11=0x000001f6fc66dd40 points into unknown readable memory: 0xbcb464bbbcb4f32d | 2d f3 b4 bc bb 64 b4 bc
R12=0x000001f6fc66e540 points into unknown readable memory: 0xbcb5a49ebcb516b8 | b8 16 b5 bc 9e a4 b5 bc
R13=0x0000000000000004 is an unknown value
R14=0x0000000000000184 is an unknown value
R15=0x000000006fab8f20 xuggle4892241019558322552.dll


Registers:
RAX=0x000001f6fc68e290, RBX=0x000001f6f68df5d0, RCX=0x000001f6fc68e290, RDX=0x0000000000000009
RSP=0x000000679b8f9850, RBP=0x000001f6fc68d9d0, RSI=0x000001f6fc68f290, RDI=0x0000000000000004
R8 =0x000000006ee77580, R9 =0x000000006ee76490, R10=0x000001f6f6a7e4e0, R11=0x000001f6fc66dd40
R12=0x000001f6fc66e540, R13=0x0000000000000004, R14=0x0000000000000184, R15=0x000000006fab8f20
RIP=0x000000006ee76520, EFLAGS=0x0000000000010202

Top of Stack: (sp=0x000000679b8f9850)
0x000000679b8f9850:   000000006ee76665 000000006ee774c5
0x000000679b8f9860:   000000006ee77505 000000006ee77545
0x000000679b8f9870:   000000006ee77585 000000006ee79426
0x000000679b8f9880:   000000006fa67a80 000001f6fc68e290
0x000000679b8f9890:   000001f6f68e1a90 000001f6f6880080
0x000000679b8f98a0:   3fe0000000000000 0000000000000000
0x000000679b8f98b0:   40c7760000000000 0000000000000000
0x000000679b8f98c0:   3fe0000000000000 0000000000000001
0x000000679b8f98d0:   000001f6f68e2a90 000000006ea45d24
0x000000679b8f98e0:   3f40624dd2f1a9fc 0000000000000000
0x000000679b8f98f0:   0000000000000000 0000000000000000
0x000000679b8f9900:   0000000000000000 0000000000000000
0x000000679b8f9910:   000001f6f68eb990 000000006fab7320
0x000000679b8f9920:   000001f6ec1f1010 000001f6f68df530
0x000000679b8f9930:   0000000000000001 000001f6fc68d9d0
0x000000679b8f9940:   000001f6fc68da50 0000000000000000 

Instructions: (pc=0x000000006ee76520)
0x000000006ee76420:   48 89 c8 8b 79 18 89 fe c1 fe 02 48 63 d6 8d 34
0x000000006ee76430:   76 48 8d 5c 95 00 48 63 f6 48 89 da ff 50 48 89
0x000000006ee76440:   f8 83 ef 10 48 8d 54 b5 00 f7 d8 48 63 ff 48 98
0x000000006ee76450:   0f 28 3d f9 d0 65 00 0f 28 04 3b 0f 28 0c 02 0f
0x000000006ee76460:   c6 c0 1b 0f c6 c9 1b 0f 57 c7 0f 29 0c 3a 0f 29
0x000000006ee76470:   04 03 48 83 ef 10 48 83 c0 10 7c db 0f 28 7c 24
0x000000006ee76480:   20 48 83 c4 38 5b 5e 5f 5d c3 90 90 90 90 90 90
0x000000006ee76490:   c5 fc 28 01 c5 fc 28 49 20 c5 fc 5c e1 c5 fc 58
0x000000006ee764a0:   d1 c5 dc 59 0d 17 42 84 00 c4 e2 75 0c 0d ce 41
0x000000006ee764b0:   84 00 c4 e3 75 0c c2 33 c5 ec c6 e1 4e c5 dc 5c
0x000000006ee764c0:   d8 c5 dc 58 c0 c4 e2 7d 0c 05 d2 41 84 00 c5 e4
0x000000006ee764d0:   c6 e0 bb c5 e4 c6 d0 ee c4 e3 6d 06 d4 13 c5 e4
0x000000006ee764e0:   57 1d fa 41 84 00 c5 fc c6 cb dd c5 fc c6 c3 88
0x000000006ee764f0:   c4 e3 75 06 d8 02 c4 e3 7d 06 c1 13 c5 fc 5c e2
0x000000006ee76500:   c4 e3 5d 0c c0 55 c5 e4 5c c8 c5 e4 58 c0 c5 fc
0x000000006ee76510:   29 01 c5 fc 29 49 20 c3 0f 1f 84 00 00 00 00 00
0x000000006ee76520:   c5 fc 28 51 40 c5 fc 28 59 60 c5 ec 5c fb c5 ec
0x000000006ee76530:   58 d3 c5 c4 57 3d 26 41 84 00 c5 ec c6 df be c5
0x000000006ee76540:   ec c6 d7 44 c5 ec 5c fb c5 ec 58 d3 c5 ec c6 df
0x000000006ee76550:   dd c5 ec c6 d7 88 c5 fc 28 01 c5 fc 28 49 20 c5
0x000000006ee76560:   fc 5c f9 c5 fc 58 e1 c5 c4 59 0d 51 41 84 00 c4
0x000000006ee76570:   e2 75 0c 0d 08 41 84 00 c4 e3 75 0c c4 33 c5 dc
0x000000006ee76580:   c6 f9 4e c5 c4 5c e8 c5 c4 58 c0 c4 e2 7d 0c 05
0x000000006ee76590:   0c 41 84 00 c5 d4 c6 f8 bb c5 d4 c6 e0 ee c4 e3
0x000000006ee765a0:   5d 06 e7 13 c5 d4 57 2d 34 41 84 00 c5 fc c6 cd
0x000000006ee765b0:   dd c5 fc c6 c5 88 c4 e3 75 06 e8 02 c4 e3 7d 06
0x000000006ee765c0:   c1 13 c5 fc 5c fc c4 e3 45 0c c0 55 c5 d4 5c c8
0x000000006ee765d0:   c5 d4 58 c0 c5 fc 28 25 04 40 84 00 c5 fc 28 2d
0x000000006ee765e0:   1c 40 84 00 c5 ec 59 f4 c5 e4 59 fd c5 c4 58 fe
0x000000006ee765f0:   c5 ec 59 d5 c5 e4 59 dc c5 e4 5c da c4 e3 45 0c
0x000000006ee76600:   d3 f0 c4 e3 45 06 db 21 c5 ec 58 e3 c5 e4 5c d2
0x000000006ee76610:   c4 e3 6d 06 d2 01 c5 f4 5c da c5 f4 58 ca c5 fc 


Stack slot to memory mapping:
stack at sp + 0 slots: 0x000000006ee76665 xuggle4892241019558322552.dll
stack at sp + 1 slots: 0x000000006ee774c5 xuggle4892241019558322552.dll
stack at sp + 2 slots: 0x000000006ee77505 xuggle4892241019558322552.dll
stack at sp + 3 slots: 0x000000006ee77545 xuggle4892241019558322552.dll
stack at sp + 4 slots: 0x000000006ee77585 xuggle4892241019558322552.dll
stack at sp + 5 slots: 0x000000006ee79426 xuggle4892241019558322552.dll
stack at sp + 6 slots: 0x000000006fa67a80 xuggle4892241019558322552.dll
stack at sp + 7 slots: 0x000001f6fc68e290 points into unknown readable memory: 0x8000000000000000 | 00 00 00 00 00 00 00 80


---------------  P R O C E S S  ---------------

Threads class SMR info:
_java_thread_list=0x000001f6fa80b580, length=33, elements={
0x000001f6f4d07ee0, 0x000001f6f4d08c60, 0x000001f6f4d1f460, 0x000001f6f4d20f30,
0x000001f6f4d23800, 0x000001f6f4d240c0, 0x000001f6f4d28f40, 0x000001f6f4d31c50,
0x000001f6f4cf3390, 0x000001f6f5bfada0, 0x000001f6f5bfb270, 0x000001f6f5e02100,
0x000001f6f6133ba0, 0x000001f6f6131a50, 0x000001f6f7d88030, 0x000001f6f7e0c040,
0x000001f6fa636030, 0x000001f6fa41cae0, 0x000001f6fa41d3f0, 0x000001f6faa20870,
0x000001f6faa21bb0, 0x000001f6faa1f530, 0x000001f6faa22080, 0x000001f6faa203a0,
0x000001f6faa21210, 0x000001f6faa1fa00, 0x000001f6faa1f060, 0x000001f6faa22a20,
0x000001f6faa1fed0, 0x000001f6faa216e0, 0x000001f6fa8b06e0, 0x000001f6fa8b4a40,
0x000001f6fa8b3230
}

Java Threads: ( => current thread )
  0x000001f6f4d07ee0 JavaThread "Reference Handler" daemon [_thread_blocked, id=18984, stack(0x0000006799b00000,0x0000006799c00000)]
  0x000001f6f4d08c60 JavaThread "Finalizer" daemon [_thread_blocked, id=10732, stack(0x0000006799c00000,0x0000006799d00000)]
  0x000001f6f4d1f460 JavaThread "Signal Dispatcher" daemon [_thread_blocked, id=10416, stack(0x0000006799d00000,0x0000006799e00000)]
  0x000001f6f4d20f30 JavaThread "Attach Listener" daemon [_thread_blocked, id=19348, stack(0x0000006799e00000,0x0000006799f00000)]
  0x000001f6f4d23800 JavaThread "Service Thread" daemon [_thread_blocked, id=7284, stack(0x0000006799f00000,0x000000679a000000)]
  0x000001f6f4d240c0 JavaThread "Monitor Deflation Thread" daemon [_thread_blocked, id=9488, stack(0x000000679a000000,0x000000679a100000)]
  0x000001f6f4d28f40 JavaThread "C1 CompilerThread0" daemon [_thread_blocked, id=20680, stack(0x000000679a100000,0x000000679a200000)]
  0x000001f6f4d31c50 JavaThread "Sweeper thread" daemon [_thread_blocked, id=10784, stack(0x000000679a200000,0x000000679a300000)]
  0x000001f6f4cf3390 JavaThread "Common-Cleaner" daemon [_thread_blocked, id=9688, stack(0x000000679a300000,0x000000679a400000)]
  0x000001f6f5bfada0 JavaThread "Monitor Ctrl-Break" daemon [_thread_in_native, id=15384, stack(0x000000679a600000,0x000000679a700000)]
  0x000001f6f5bfb270 JavaThread "Notification Thread" daemon [_thread_blocked, id=16076, stack(0x000000679a700000,0x000000679a800000)]
  0x000001f6f5e02100 JavaThread "RMI TCP Accept-0" daemon [_thread_in_native, id=13756, stack(0x000000679a800000,0x000000679a900000)]
  0x000001f6f6133ba0 JavaThread "RMI TCP Connection(idle)" daemon [_thread_blocked, id=4860, stack(0x000000679ae00000,0x000000679af00000)]
  0x000001f6f6131a50 JavaThread "RMI Scheduler(0)" daemon [_thread_blocked, id=17644, stack(0x000000679af00000,0x000000679b000000)]
  0x000001f6f7d88030 JavaThread "PostgreSQL-JDBC-Cleaner" daemon [_thread_blocked, id=19716, stack(0x000000679b100000,0x000000679b200000)]
  0x000001f6f7e0c040 JavaThread "HikariPool-1 housekeeper" daemon [_thread_blocked, id=9596, stack(0x000000679b200000,0x000000679b300000)]
  0x000001f6fa636030 JavaThread "Catalina-utility-1" [_thread_blocked, id=15356, stack(0x000000679b400000,0x000000679b500000)]
  0x000001f6fa41cae0 JavaThread "Catalina-utility-2" [_thread_blocked, id=21252, stack(0x000000679b500000,0x000000679b600000)]
  0x000001f6fa41d3f0 JavaThread "container-0" [_thread_blocked, id=8140, stack(0x000000679b600000,0x000000679b700000)]
  0x000001f6faa20870 JavaThread "http-nio-8080-exec-1" daemon [_thread_blocked, id=14092, stack(0x000000679b700000,0x000000679b800000)]
=>0x000001f6faa21bb0 JavaThread "http-nio-8080-exec-2" daemon [_thread_in_native, id=14688, stack(0x000000679b800000,0x000000679b900000)]
  0x000001f6faa1f530 JavaThread "http-nio-8080-exec-3" daemon [_thread_blocked, id=16044, stack(0x000000679b900000,0x000000679ba00000)]
  0x000001f6faa22080 JavaThread "http-nio-8080-exec-4" daemon [_thread_blocked, id=14448, stack(0x000000679ba00000,0x000000679bb00000)]
  0x000001f6faa203a0 JavaThread "http-nio-8080-exec-5" daemon [_thread_blocked, id=9992, stack(0x000000679bb00000,0x000000679bc00000)]
  0x000001f6faa21210 JavaThread "http-nio-8080-exec-6" daemon [_thread_blocked, id=7072, stack(0x000000679bc00000,0x000000679bd00000)]
  0x000001f6faa1fa00 JavaThread "http-nio-8080-exec-7" daemon [_thread_blocked, id=13288, stack(0x000000679bd00000,0x000000679be00000)]
  0x000001f6faa1f060 JavaThread "http-nio-8080-exec-8" daemon [_thread_blocked, id=10832, stack(0x000000679be00000,0x000000679bf00000)]
  0x000001f6faa22a20 JavaThread "http-nio-8080-exec-9" daemon [_thread_blocked, id=9080, stack(0x000000679bf00000,0x000000679c000000)]
  0x000001f6faa1fed0 JavaThread "http-nio-8080-exec-10" daemon [_thread_blocked, id=21276, stack(0x000000679c000000,0x000000679c100000)]
  0x000001f6faa216e0 JavaThread "http-nio-8080-Poller" daemon [_thread_in_native, id=20024, stack(0x000000679c200000,0x000000679c300000)]
  0x000001f6fa8b06e0 JavaThread "http-nio-8080-Acceptor" daemon [_thread_in_native, id=1704, stack(0x000000679c300000,0x000000679c400000)]
  0x000001f6fa8b4a40 JavaThread "DestroyJavaVM" [_thread_blocked, id=7364, stack(0x0000006799400000,0x0000006799500000)]
  0x000001f6fa8b3230 JavaThread "RMI TCP Connection(idle)" daemon [_thread_blocked, id=4408, stack(0x000000679c100000,0x000000679c200000)]

Other Threads:
  0x000001f6f4d02b10 VMThread "VM Thread" [stack: 0x0000006799a00000,0x0000006799b00000] [id=4916]
  0x000001f6f5e03710 WatcherThread [stack: 0x000000679a900000,0x000000679aa00000] [id=16244]
  0x000001f6e49d0310 GCTaskThread "GC Thread#0" [stack: 0x0000006799500000,0x0000006799600000] [id=11916]
  0x000001f6f5eb6630 GCTaskThread "GC Thread#1" [stack: 0x000000679aa00000,0x000000679ab00000] [id=12436]
  0x000001f6f5ee5df0 GCTaskThread "GC Thread#2" [stack: 0x000000679ab00000,0x000000679ac00000] [id=10292]
  0x000001f6f5ee60a0 GCTaskThread "GC Thread#3" [stack: 0x000000679ac00000,0x000000679ad00000] [id=13840]
  0x000001f6e28ecf60 ConcurrentGCThread "G1 Main Marker" [stack: 0x0000006799600000,0x0000006799700000] [id=18044]
  0x000001f6e28ee020 ConcurrentGCThread "G1 Conc#0" [stack: 0x0000006799700000,0x0000006799800000] [id=2536]
  0x000001f6e4a3c360 ConcurrentGCThread "G1 Refine#0" [stack: 0x0000006799800000,0x0000006799900000] [id=13540]
  0x000001f6f5f04bb0 ConcurrentGCThread "G1 Refine#1" [stack: 0x000000679ad00000,0x000000679ae00000] [id=16136]
  0x000001f6e4a3dca0 ConcurrentGCThread "G1 Service" [stack: 0x0000006799900000,0x0000006799a00000] [id=3036]

Threads with active compile tasks:

VM state: not at safepoint (normal execution)

VM Mutex/Monitor currently owned by a thread: None

Heap address: 0x00000000a0c00000, size: 1524 MB, Compressed Oops mode: 32-bit

CDS archive(s) mapped at: [0x0000000800000000-0x0000000800bd0000-0x0000000800bd0000), size 12386304, SharedBaseAddress: 0x0000000800000000, ArchiveRelocationMode: 0.
Compressed class space mapped at: 0x0000000800c00000-0x0000000840c00000, reserved size: 1073741824
Narrow klass base: 0x0000000800000000, Narrow klass shift: 0, Narrow klass range: 0x100000000

GC Precious Log:
 CPUs: 4 total, 4 available
 Memory: 6090M
 Large Page Support: Disabled
 NUMA Support: Disabled
 Compressed Oops: Enabled (32-bit)
 Heap Region Size: 1M
 Heap Min Capacity: 8M
 Heap Initial Capacity: 96M
 Heap Max Capacity: 1524M
 Pre-touch: Disabled
 Parallel Workers: 4
 Concurrent Workers: 1
 Concurrent Refinement Workers: 4
 Periodic GC: Disabled

Heap:
 garbage-first heap   total 79872K, used 42884K [0x00000000a0c00000, 0x0000000100000000)
  region size 1024K, 5 young (5120K), 4 survivors (4096K)
 Metaspace       used 69070K, committed 69696K, reserved 1114112K
  class space    used 10196K, committed 10496K, reserved 1048576K

Heap Regions: E=young(eden), S=young(survivor), O=old, HS=humongous(starts), HC=humongous(continues), CS=collection set, F=free, OA=open archive, CA=closed archive, TAMS=top-at-mark-start (previous, next)
|   0|0x00000000a0c00000, 0x00000000a0d00000, 0x00000000a0d00000|100%|HS|  |TAMS 0x00000000a0d00000, 0x00000000a0d00000| Complete 
|   1|0x00000000a0d00000, 0x00000000a0e00000, 0x00000000a0e00000|100%| O|  |TAMS 0x00000000a0e00000, 0x00000000a0e00000| Untracked 
|   2|0x00000000a0e00000, 0x00000000a0f00000, 0x00000000a0f00000|100%| O|  |TAMS 0x00000000a0f00000, 0x00000000a0f00000| Untracked 
|   3|0x00000000a0f00000, 0x00000000a1000000, 0x00000000a1000000|100%| O|  |TAMS 0x00000000a1000000, 0x00000000a1000000| Untracked 
|   4|0x00000000a1000000, 0x00000000a1100000, 0x00000000a1100000|100%| O|  |TAMS 0x00000000a1100000, 0x00000000a1100000| Untracked 
|   5|0x00000000a1100000, 0x00000000a1200000, 0x00000000a1200000|100%| O|  |TAMS 0x00000000a1200000, 0x00000000a1200000| Untracked 
|   6|0x00000000a1200000, 0x00000000a1300000, 0x00000000a1300000|100%| O|  |TAMS 0x00000000a1300000, 0x00000000a1300000| Untracked 
|   7|0x00000000a1300000, 0x00000000a1400000, 0x00000000a1400000|100%| O|  |TAMS 0x00000000a1400000, 0x00000000a1400000| Untracked 
|   8|0x00000000a1400000, 0x00000000a1500000, 0x00000000a1500000|100%| O|  |TAMS 0x00000000a1500000, 0x00000000a1500000| Untracked 
|   9|0x00000000a1500000, 0x00000000a1600000, 0x00000000a1600000|100%| O|  |TAMS 0x00000000a1600000, 0x00000000a1600000| Untracked 
|  10|0x00000000a1600000, 0x00000000a1700000, 0x00000000a1700000|100%| O|  |TAMS 0x00000000a1700000, 0x00000000a1700000| Untracked 
|  11|0x00000000a1700000, 0x00000000a1800000, 0x00000000a1800000|100%| O|  |TAMS 0x00000000a1800000, 0x00000000a1800000| Untracked 
|  12|0x00000000a1800000, 0x00000000a1900000, 0x00000000a1900000|100%| O|  |TAMS 0x00000000a1900000, 0x00000000a1900000| Untracked 
|  13|0x00000000a1900000, 0x00000000a19a1000, 0x00000000a1a00000| 62%| O|  |TAMS 0x00000000a19a1000, 0x00000000a19a1000| Untracked 
|  14|0x00000000a1a00000, 0x00000000a1b00000, 0x00000000a1b00000|100%| O|  |TAMS 0x00000000a1b00000, 0x00000000a1b00000| Untracked 
|  15|0x00000000a1b00000, 0x00000000a1c00000, 0x00000000a1c00000|100%| O|  |TAMS 0x00000000a1c00000, 0x00000000a1c00000| Untracked 
|  16|0x00000000a1c00000, 0x00000000a1d00000, 0x00000000a1d00000|100%| O|  |TAMS 0x00000000a1d00000, 0x00000000a1d00000| Untracked 
|  17|0x00000000a1d00000, 0x00000000a1e00000, 0x00000000a1e00000|100%| O|  |TAMS 0x00000000a1e00000, 0x00000000a1e00000| Untracked 
|  18|0x00000000a1e00000, 0x00000000a1f00000, 0x00000000a1f00000|100%| O|  |TAMS 0x00000000a1f00000, 0x00000000a1f00000| Untracked 
|  19|0x00000000a1f00000, 0x00000000a2000000, 0x00000000a2000000|100%| O|  |TAMS 0x00000000a2000000, 0x00000000a2000000| Untracked 
|  20|0x00000000a2000000, 0x00000000a2100000, 0x00000000a2100000|100%| O|  |TAMS 0x00000000a2000000, 0x00000000a2100000| Untracked 
|  21|0x00000000a2100000, 0x00000000a2200000, 0x00000000a2200000|100%| O|  |TAMS 0x00000000a2100000, 0x00000000a2200000| Untracked 
|  22|0x00000000a2200000, 0x00000000a2300000, 0x00000000a2300000|100%| O|  |TAMS 0x00000000a2200000, 0x00000000a2300000| Untracked 
|  23|0x00000000a2300000, 0x00000000a2400000, 0x00000000a2400000|100%| O|  |TAMS 0x00000000a2300000, 0x00000000a2400000| Untracked 
|  24|0x00000000a2400000, 0x00000000a2500000, 0x00000000a2500000|100%| O|  |TAMS 0x00000000a2400000, 0x00000000a2500000| Untracked 
|  25|0x00000000a2500000, 0x00000000a2600000, 0x00000000a2600000|100%| O|  |TAMS 0x00000000a2500000, 0x00000000a2600000| Untracked 
|  26|0x00000000a2600000, 0x00000000a2700000, 0x00000000a2700000|100%| O|  |TAMS 0x00000000a2600000, 0x00000000a2700000| Untracked 
|  27|0x00000000a2700000, 0x00000000a2800000, 0x00000000a2800000|100%| O|  |TAMS 0x00000000a2700000, 0x00000000a2800000| Untracked 
|  28|0x00000000a2800000, 0x00000000a2900000, 0x00000000a2900000|100%| O|  |TAMS 0x00000000a2800000, 0x00000000a2900000| Untracked 
|  29|0x00000000a2900000, 0x00000000a2a00000, 0x00000000a2a00000|100%| O|  |TAMS 0x00000000a2900000, 0x00000000a29a6600| Untracked 
|  30|0x00000000a2a00000, 0x00000000a2b00000, 0x00000000a2b00000|100%|HS|  |TAMS 0x00000000a2a00000, 0x00000000a2a00000| Complete 
|  31|0x00000000a2b00000, 0x00000000a2c00000, 0x00000000a2c00000|100%|HC|  |TAMS 0x00000000a2b00000, 0x00000000a2b00000| Complete 
|  32|0x00000000a2c00000, 0x00000000a2d00000, 0x00000000a2d00000|100%|HC|  |TAMS 0x00000000a2c00000, 0x00000000a2c00000| Complete 
|  33|0x00000000a2d00000, 0x00000000a2e00000, 0x00000000a2e00000|100%|HC|  |TAMS 0x00000000a2d00000, 0x00000000a2d00000| Complete 
|  34|0x00000000a2e00000, 0x00000000a2f00000, 0x00000000a2f00000|100%| O|  |TAMS 0x00000000a2e00000, 0x00000000a2e00000| Untracked 
|  35|0x00000000a2f00000, 0x00000000a3000000, 0x00000000a3000000|100%| O|  |TAMS 0x00000000a2f00000, 0x00000000a2f00000| Untracked 
|  36|0x00000000a3000000, 0x00000000a3100000, 0x00000000a3100000|100%| O|  |TAMS 0x00000000a3000000, 0x00000000a3000000| Untracked 
|  37|0x00000000a3100000, 0x00000000a3100000, 0x00000000a3200000|  0%| F|  |TAMS 0x00000000a3100000, 0x00000000a3100000| Untracked 
|  38|0x00000000a3200000, 0x00000000a3200000, 0x00000000a3300000|  0%| F|  |TAMS 0x00000000a3200000, 0x00000000a3200000| Untracked 
|  39|0x00000000a3300000, 0x00000000a3300000, 0x00000000a3400000|  0%| F|  |TAMS 0x00000000a3300000, 0x00000000a3300000| Untracked 
|  40|0x00000000a3400000, 0x00000000a3400000, 0x00000000a3500000|  0%| F|  |TAMS 0x00000000a3400000, 0x00000000a3400000| Untracked 
|  41|0x00000000a3500000, 0x00000000a3600000, 0x00000000a3600000|100%| O|  |TAMS 0x00000000a3500000, 0x00000000a3500000| Untracked 
|  42|0x00000000a3600000, 0x00000000a3640000, 0x00000000a3700000| 25%| O|  |TAMS 0x00000000a3600000, 0x00000000a3600000| Untracked 
|  43|0x00000000a3700000, 0x00000000a3700000, 0x00000000a3800000|  0%| F|  |TAMS 0x00000000a3700000, 0x00000000a3700000| Untracked 
|  44|0x00000000a3800000, 0x00000000a3800000, 0x00000000a3900000|  0%| F|  |TAMS 0x00000000a3800000, 0x00000000a3800000| Untracked 
|  45|0x00000000a3900000, 0x00000000a3900000, 0x00000000a3a00000|  0%| F|  |TAMS 0x00000000a3900000, 0x00000000a3900000| Untracked 
|  46|0x00000000a3a00000, 0x00000000a3a00000, 0x00000000a3b00000|  0%| F|  |TAMS 0x00000000a3a00000, 0x00000000a3a00000| Untracked 
|  47|0x00000000a3b00000, 0x00000000a3b00000, 0x00000000a3c00000|  0%| F|  |TAMS 0x00000000a3b00000, 0x00000000a3b00000| Untracked 
|  48|0x00000000a3c00000, 0x00000000a3c00000, 0x00000000a3d00000|  0%| F|  |TAMS 0x00000000a3c00000, 0x00000000a3c00000| Untracked 
|  49|0x00000000a3d00000, 0x00000000a3d00000, 0x00000000a3e00000|  0%| F|  |TAMS 0x00000000a3d00000, 0x00000000a3d00000| Untracked 
|  50|0x00000000a3e00000, 0x00000000a3e00000, 0x00000000a3f00000|  0%| F|  |TAMS 0x00000000a3e00000, 0x00000000a3e00000| Untracked 
|  51|0x00000000a3f00000, 0x00000000a3f00000, 0x00000000a4000000|  0%| F|  |TAMS 0x00000000a3f00000, 0x00000000a3f00000| Untracked 
|  52|0x00000000a4000000, 0x00000000a4000000, 0x00000000a4100000|  0%| F|  |TAMS 0x00000000a4000000, 0x00000000a4000000| Untracked 
|  53|0x00000000a4100000, 0x00000000a4100000, 0x00000000a4200000|  0%| F|  |TAMS 0x00000000a4100000, 0x00000000a4100000| Untracked 
|  54|0x00000000a4200000, 0x00000000a4200000, 0x00000000a4300000|  0%| F|  |TAMS 0x00000000a4200000, 0x00000000a4200000| Untracked 
|  55|0x00000000a4300000, 0x00000000a4400000, 0x00000000a4400000|100%| S|CS|TAMS 0x00000000a4300000, 0x00000000a4300000| Complete 
|  56|0x00000000a4400000, 0x00000000a4500000, 0x00000000a4500000|100%| S|CS|TAMS 0x00000000a4400000, 0x00000000a4400000| Complete 
|  57|0x00000000a4500000, 0x00000000a4600000, 0x00000000a4600000|100%| S|CS|TAMS 0x00000000a4500000, 0x00000000a4500000| Complete 
|  58|0x00000000a4600000, 0x00000000a4700000, 0x00000000a4700000|100%| S|CS|TAMS 0x00000000a4600000, 0x00000000a4600000| Complete 
|  59|0x00000000a4700000, 0x00000000a4700000, 0x00000000a4800000|  0%| F|  |TAMS 0x00000000a4700000, 0x00000000a4700000| Untracked 
|  60|0x00000000a4800000, 0x00000000a4800000, 0x00000000a4900000|  0%| F|  |TAMS 0x00000000a4800000, 0x00000000a4800000| Untracked 
|  61|0x00000000a4900000, 0x00000000a4900000, 0x00000000a4a00000|  0%| F|  |TAMS 0x00000000a4900000, 0x00000000a4900000| Untracked 
|  62|0x00000000a4a00000, 0x00000000a4a00000, 0x00000000a4b00000|  0%| F|  |TAMS 0x00000000a4a00000, 0x00000000a4a00000| Untracked 
|  63|0x00000000a4b00000, 0x00000000a4b00000, 0x00000000a4c00000|  0%| F|  |TAMS 0x00000000a4b00000, 0x00000000a4b00000| Untracked 
|  64|0x00000000a4c00000, 0x00000000a4c00000, 0x00000000a4d00000|  0%| F|  |TAMS 0x00000000a4c00000, 0x00000000a4c00000| Untracked 
|  65|0x00000000a4d00000, 0x00000000a4d00000, 0x00000000a4e00000|  0%| F|  |TAMS 0x00000000a4d00000, 0x00000000a4d00000| Untracked 
|  66|0x00000000a4e00000, 0x00000000a4e00000, 0x00000000a4f00000|  0%| F|  |TAMS 0x00000000a4e00000, 0x00000000a4e00000| Untracked 
|  67|0x00000000a4f00000, 0x00000000a4f00000, 0x00000000a5000000|  0%| F|  |TAMS 0x00000000a4f00000, 0x00000000a4f00000| Untracked 
|  68|0x00000000a5000000, 0x00000000a5000000, 0x00000000a5100000|  0%| F|  |TAMS 0x00000000a5000000, 0x00000000a5000000| Untracked 
|  69|0x00000000a5100000, 0x00000000a5100000, 0x00000000a5200000|  0%| F|  |TAMS 0x00000000a5100000, 0x00000000a5100000| Untracked 
|  70|0x00000000a5200000, 0x00000000a5200000, 0x00000000a5300000|  0%| F|  |TAMS 0x00000000a5200000, 0x00000000a5200000| Untracked 
|  71|0x00000000a5300000, 0x00000000a5300000, 0x00000000a5400000|  0%| F|  |TAMS 0x00000000a5300000, 0x00000000a5300000| Untracked 
|  72|0x00000000a5400000, 0x00000000a5400000, 0x00000000a5500000|  0%| F|  |TAMS 0x00000000a5400000, 0x00000000a5400000| Untracked 
|  73|0x00000000a5500000, 0x00000000a5500000, 0x00000000a5600000|  0%| F|  |TAMS 0x00000000a5500000, 0x00000000a5500000| Untracked 
|  74|0x00000000a5600000, 0x00000000a5600000, 0x00000000a5700000|  0%| F|  |TAMS 0x00000000a5600000, 0x00000000a5600000| Untracked 
|  75|0x00000000a5700000, 0x00000000a5700000, 0x00000000a5800000|  0%| F|  |TAMS 0x00000000a5700000, 0x00000000a5700000| Untracked 
|  91|0x00000000a6700000, 0x00000000a6700000, 0x00000000a6800000|  0%| F|  |TAMS 0x00000000a6700000, 0x00000000a6700000| Untracked 
|  95|0x00000000a6b00000, 0x00000000a6b48390, 0x00000000a6c00000| 28%| E|  |TAMS 0x00000000a6b00000, 0x00000000a6b00000| Complete 

Card table byte_map: [0x000001f6ef1f0000,0x000001f6ef4f0000] _byte_map_base: 0x000001f6eecea000

Marking Bits (Prev, Next): (CMBitMap*) 0x000001f6e49d1880, (CMBitMap*) 0x000001f6e49d1840
 Prev Bits: [0x000001f6f0fc0000, 0x000001f6f2790000)
 Next Bits: [0x000001f6ef7f0000, 0x000001f6f0fc0000)

Polling page: 0x000001f6e2950000

Metaspace:

Usage:
  Non-class:     57.49 MB used.
      Class:      9.96 MB used.
       Both:     67.45 MB used.

Virtual space:
  Non-class space:       64.00 MB reserved,      57.81 MB ( 90%) committed,  8 nodes.
      Class space:        1.00 GB reserved,      10.25 MB (  1%) committed,  1 nodes.
             Both:        1.06 GB reserved,      68.06 MB (  6%) committed. 

Chunk freelists:
   Non-Class:  1.77 MB
       Class:  1.78 MB
        Both:  3.55 MB

MaxMetaspaceSize: unlimited
CompressedClassSpaceSize: 1.00 GB
Initial GC threshold: 21.00 MB
Current GC threshold: 70.94 MB
CDS: on
MetaspaceReclaimPolicy: balanced
 - commit_granule_bytes: 65536.
 - commit_granule_words: 8192.
 - virtual_space_node_default_size: 1048576.
 - enlarge_chunks_in_place: 1.
 - new_chunks_are_fully_committed: 0.
 - uncommit_free_chunks: 1.
 - use_allocation_guard: 0.
 - handle_deallocations: 1.


Internal statistics:

num_allocs_failed_limit: 9.
num_arena_births: 862.
num_arena_deaths: 0.
num_vsnodes_births: 9.
num_vsnodes_deaths: 0.
num_space_committed: 1089.
num_space_uncommitted: 0.
num_chunks_returned_to_freelist: 9.
num_chunks_taken_from_freelist: 3390.
num_chunk_merges: 9.
num_chunk_splits: 2476.
num_chunks_enlarged: 1953.
num_purges: 0.
num_inconsistent_stats: 0.

CodeCache: size=49152Kb used=11075Kb max_used=12170Kb free=38076Kb
 bounds [0x000001f6ec1f0000, 0x000001f6ece00000, 0x000001f6ef1f0000]
 total_blobs=7019 nmethods=6323 adapters=622
 compilation: enabled
              stopped_count=0, restarted_count=0
 full_count=0

Compilation events (20 events):
Event: 74.877 Thread 0x000001f6f4d28f40 6314       1       java.nio.HeapCharBuffer::<init> (21 bytes)
Event: 74.877 Thread 0x000001f6f4d28f40 nmethod 6314 0x000001f6ec341f90 code [0x000001f6ec342120, 0x000001f6ec342348]
Event: 74.877 Thread 0x000001f6f4d28f40 6315       1       java.nio.CharBuffer::flip (7 bytes)
Event: 74.877 Thread 0x000001f6f4d28f40 nmethod 6315 0x000001f6ec341c90 code [0x000001f6ec341e20, 0x000001f6ec341ef8]
Event: 74.881 Thread 0x000001f6f4d28f40 6316       1       org.apache.tomcat.util.http.fileupload.MultipartStream::readByte (92 bytes)
Event: 74.881 Thread 0x000001f6f4d28f40 nmethod 6316 0x000001f6ec341690 code [0x000001f6ec341860, 0x000001f6ec341ae8]
Event: 74.976 Thread 0x000001f6f4d28f40 6317       1       org.apache.tomcat.util.http.fileupload.ParameterParser::isOneOf (46 bytes)
Event: 74.976 Thread 0x000001f6f4d28f40 nmethod 6317 0x000001f6ec341310 code [0x000001f6ec3414a0, 0x000001f6ec3415b8]
Event: 74.977 Thread 0x000001f6f4d28f40 6318       1       java.util.Collections$UnmodifiableList::get (11 bytes)
Event: 74.977 Thread 0x000001f6f4d28f40 nmethod 6318 0x000001f6ec341010 code [0x000001f6ec3411a0, 0x000001f6ec341288]
Event: 74.978 Thread 0x000001f6f4d28f40 6319       1       jakarta.servlet.http.HttpServletRequestWrapper::_getHttpServletRequest (8 bytes)
Event: 74.978 Thread 0x000001f6f4d28f40 nmethod 6319 0x000001f6ec340c90 code [0x000001f6ec340e20, 0x000001f6ec340f38]
Event: 74.978 Thread 0x000001f6f4d28f40 6320       1       java.nio.charset.CharsetDecoder::decode (136 bytes)
Event: 74.979 Thread 0x000001f6f4d28f40 nmethod 6320 0x000001f6ec33fd90 code [0x000001f6ec33ffe0, 0x000001f6ec340838]
Event: 74.980 Thread 0x000001f6f4d28f40 6321       1       jakarta.servlet.ServletRequestWrapper::getAttribute (11 bytes)
Event: 74.980 Thread 0x000001f6f4d28f40 nmethod 6321 0x000001f6ec33fa90 code [0x000001f6ec33fc20, 0x000001f6ec33fd08]
Event: 74.980 Thread 0x000001f6f4d28f40 6322       1       java.util.regex.Pattern$CharPredicate$$Lambda$23/0x80000002d::is (11 bytes)
Event: 74.980 Thread 0x000001f6f4d28f40 nmethod 6322 0x000001f6ec33f690 code [0x000001f6ec33f840, 0x000001f6ec33f9a8]
Event: 74.980 Thread 0x000001f6f4d28f40 6323       1       java.util.regex.Pattern$CharPredicate::lambda$negate$3 (16 bytes)
Event: 74.980 Thread 0x000001f6f4d28f40 nmethod 6323 0x000001f6ec33f390 code [0x000001f6ec33f520, 0x000001f6ec33f628]

GC Heap History (20 events):
Event: 5.892 GC heap before
{Heap before GC invocations=9 (full 0):
 garbage-first heap   total 55296K, used 40596K [0x00000000a0c00000, 0x0000000100000000)
  region size 1024K, 22 young (22528K), 2 survivors (2048K)
 Metaspace       used 35318K, committed 35776K, reserved 1081344K
  class space    used 5064K, committed 5248K, reserved 1048576K
}
Event: 5.900 GC heap after
{Heap after GC invocations=10 (full 0):
 garbage-first heap   total 66560K, used 21124K [0x00000000a0c00000, 0x0000000100000000)
  region size 1024K, 1 young (1024K), 1 survivors (1024K)
 Metaspace       used 35318K, committed 35776K, reserved 1081344K
  class space    used 5064K, committed 5248K, reserved 1048576K
}
Event: 5.933 GC heap before
{Heap before GC invocations=10 (full 0):
 garbage-first heap   total 66560K, used 22148K [0x00000000a0c00000, 0x0000000100000000)
  region size 1024K, 3 young (3072K), 1 survivors (1024K)
 Metaspace       used 35531K, committed 35968K, reserved 1081344K
  class space    used 5114K, committed 5312K, reserved 1048576K
}
Event: 5.938 GC heap after
{Heap after GC invocations=11 (full 0):
 garbage-first heap   total 66560K, used 21028K [0x00000000a0c00000, 0x0000000100000000)
  region size 1024K, 1 young (1024K), 1 survivors (1024K)
 Metaspace       used 35531K, committed 35968K, reserved 1081344K
  class space    used 5114K, committed 5312K, reserved 1048576K
}
Event: 6.894 GC heap before
{Heap before GC invocations=12 (full 0):
 garbage-first heap   total 66560K, used 51748K [0x00000000a0c00000, 0x0000000100000000)
  region size 1024K, 31 young (31744K), 1 survivors (1024K)
 Metaspace       used 42724K, committed 43136K, reserved 1089536K
  class space    used 6030K, committed 6208K, reserved 1048576K
}
Event: 6.901 GC heap after
{Heap after GC invocations=13 (full 0):
 garbage-first heap   total 66560K, used 22859K [0x00000000a0c00000, 0x0000000100000000)
  region size 1024K, 3 young (3072K), 3 survivors (3072K)
 Metaspace       used 42724K, committed 43136K, reserved 1089536K
  class space    used 6030K, committed 6208K, reserved 1048576K
}
Event: 7.796 GC heap before
{Heap before GC invocations=14 (full 0):
 garbage-first heap   total 66560K, used 51531K [0x00000000a0c00000, 0x0000000100000000)
  region size 1024K, 31 young (31744K), 3 survivors (3072K)
 Metaspace       used 48932K, committed 49408K, reserved 1097728K
  class space    used 7111K, committed 7360K, reserved 1048576K
}
Event: 7.806 GC heap after
{Heap after GC invocations=15 (full 0):
 garbage-first heap   total 66560K, used 23958K [0x00000000a0c00000, 0x0000000100000000)
  region size 1024K, 3 young (3072K), 3 survivors (3072K)
 Metaspace       used 48932K, committed 49408K, reserved 1097728K
  class space    used 7111K, committed 7360K, reserved 1048576K
}
Event: 8.565 GC heap before
{Heap before GC invocations=15 (full 0):
 garbage-first heap   total 66560K, used 52630K [0x00000000a0c00000, 0x0000000100000000)
  region size 1024K, 31 young (31744K), 3 survivors (3072K)
 Metaspace       used 53889K, committed 54400K, reserved 1097728K
  class space    used 7810K, committed 8064K, reserved 1048576K
}
Event: 8.576 GC heap after
{Heap after GC invocations=16 (full 0):
 garbage-first heap   total 66560K, used 25422K [0x00000000a0c00000, 0x0000000100000000)
  region size 1024K, 3 young (3072K), 3 survivors (3072K)
 Metaspace       used 53889K, committed 54400K, reserved 1097728K
  class space    used 7810K, committed 8064K, reserved 1048576K
}
Event: 9.258 GC heap before
{Heap before GC invocations=16 (full 0):
 garbage-first heap   total 66560K, used 53070K [0x00000000a0c00000, 0x0000000100000000)
  region size 1024K, 30 young (30720K), 3 survivors (3072K)
 Metaspace       used 58227K, committed 58688K, reserved 1105920K
  class space    used 8675K, committed 8896K, reserved 1048576K
}
Event: 9.279 GC heap after
{Heap after GC invocations=17 (full 0):
 garbage-first heap   total 66560K, used 27909K [0x00000000a0c00000, 0x0000000100000000)
  region size 1024K, 4 young (4096K), 4 survivors (4096K)
 Metaspace       used 58227K, committed 58688K, reserved 1105920K
  class space    used 8675K, committed 8896K, reserved 1048576K
}
Event: 9.860 GC heap before
{Heap before GC invocations=17 (full 0):
 garbage-first heap   total 66560K, used 52485K [0x00000000a0c00000, 0x0000000100000000)
  region size 1024K, 28 young (28672K), 4 survivors (4096K)
 Metaspace       used 60893K, committed 61504K, reserved 1105920K
  class space    used 9055K, committed 9344K, reserved 1048576K
}
Event: 9.872 GC heap after
{Heap after GC invocations=18 (full 0):
 garbage-first heap   total 79872K, used 29571K [0x00000000a0c00000, 0x0000000100000000)
  region size 1024K, 2 young (2048K), 2 survivors (2048K)
 Metaspace       used 60893K, committed 61504K, reserved 1105920K
  class space    used 9055K, committed 9344K, reserved 1048576K
}
Event: 10.740 GC heap before
{Heap before GC invocations=18 (full 0):
 garbage-first heap   total 79872K, used 63363K [0x00000000a0c00000, 0x0000000100000000)
  region size 1024K, 35 young (35840K), 2 survivors (2048K)
 Metaspace       used 63501K, committed 64000K, reserved 1105920K
  class space    used 9433K, committed 9664K, reserved 1048576K
}
Event: 10.760 GC heap after
{Heap after GC invocations=19 (full 0):
 garbage-first heap   total 79872K, used 31382K [0x00000000a0c00000, 0x0000000100000000)
  region size 1024K, 4 young (4096K), 4 survivors (4096K)
 Metaspace       used 63501K, committed 64000K, reserved 1105920K
  class space    used 9433K, committed 9664K, reserved 1048576K
}
Event: 22.619 GC heap before
{Heap before GC invocations=19 (full 0):
 garbage-first heap   total 79872K, used 64150K [0x00000000a0c00000, 0x0000000100000000)
  region size 1024K, 36 young (36864K), 4 survivors (4096K)
 Metaspace       used 66968K, committed 67648K, reserved 1114112K
  class space    used 9927K, committed 10240K, reserved 1048576K
}
Event: 22.630 GC heap after
{Heap after GC invocations=20 (full 0):
 garbage-first heap   total 79872K, used 35101K [0x00000000a0c00000, 0x0000000100000000)
  region size 1024K, 5 young (5120K), 5 survivors (5120K)
 Metaspace       used 66968K, committed 67648K, reserved 1114112K
  class space    used 9927K, committed 10240K, reserved 1048576K
}
Event: 74.985 GC heap before
{Heap before GC invocations=20 (full 0):
 garbage-first heap   total 79872K, used 56605K [0x00000000a0c00000, 0x0000000100000000)
  region size 1024K, 24 young (24576K), 5 survivors (5120K)
 Metaspace       used 69069K, committed 69696K, reserved 1114112K
  class space    used 10196K, committed 10496K, reserved 1048576K
}
Event: 74.998 GC heap after
{Heap after GC invocations=21 (full 0):
 garbage-first heap   total 79872K, used 38788K [0x00000000a0c00000, 0x0000000100000000)
  region size 1024K, 4 young (4096K), 4 survivors (4096K)
 Metaspace       used 69069K, committed 69696K, reserved 1114112K
  class space    used 10196K, committed 10496K, reserved 1048576K
}

Deoptimization events (10 events):
Event: 2.149 Thread 0x000001f6e4983da0 DEOPT PACKING pc=0x000001f6ec6f4d99 sp=0x00000067994fd3b0
Event: 2.149 Thread 0x000001f6e4983da0 DEOPT UNPACKING pc=0x000001f6ec242b43 sp=0x00000067994fc890 mode 3
Event: 4.899 Thread 0x000001f6e4983da0 DEOPT PACKING pc=0x000001f6ec9cff1d sp=0x00000067994fd440
Event: 4.899 Thread 0x000001f6e4983da0 DEOPT UNPACKING pc=0x000001f6ec242b43 sp=0x00000067994fc9a8 mode 3
Event: 8.639 Thread 0x000001f6e4983da0 DEOPT PACKING pc=0x000001f6ec719924 sp=0x00000067994fb3e0
Event: 8.639 Thread 0x000001f6e4983da0 DEOPT UNPACKING pc=0x000001f6ec242b43 sp=0x00000067994fa938 mode 0
Event: 9.567 Thread 0x000001f6e4983da0 DEOPT PACKING pc=0x000001f6ec7527a2 sp=0x00000067994fcc20
Event: 9.567 Thread 0x000001f6e4983da0 DEOPT UNPACKING pc=0x000001f6ec242b43 sp=0x00000067994fc128 mode 3
Event: 9.737 Thread 0x000001f6e4983da0 DEOPT PACKING pc=0x000001f6ec956d19 sp=0x00000067994fd650
Event: 9.737 Thread 0x000001f6e4983da0 DEOPT UNPACKING pc=0x000001f6ec242b43 sp=0x00000067994fcb30 mode 3

Classes unloaded (0 events):
No events

Classes redefined (0 events):
No events

Internal exceptions (20 events):
Event: 9.494 Thread 0x000001f6e4983da0 Exception <a 'java/lang/reflect/InvocationTargetException'{0x00000000a452d9b8}> (0x00000000a452d9b8) 
thrown [s\open\src\hotspot\share\runtime\reflection.cpp, line 1121]
Event: 9.518 Thread 0x000001f6e4983da0 Exception <a 'java/lang/reflect/InvocationTargetException'{0x00000000a43f54e8}> (0x00000000a43f54e8) 
thrown [s\open\src\hotspot\share\runtime\reflection.cpp, line 1121]
Event: 9.635 Thread 0x000001f6e4983da0 Exception <a 'java/lang/NoSuchMethodError'{0x00000000a3cd3e18}: 'long java.lang.invoke.DirectMethodHandle$Holder.invokeVirtual(java.lang.Object, java.lang.Object)'> (0x00000000a3cd3e18) 
thrown [s\open\src\hotspot\share\interpreter\linkResolver.cpp, line 759]
Event: 9.811 Thread 0x000001f6e4983da0 Exception <a 'java/io/FileNotFoundException'{0x00000000a37d6e50}> (0x00000000a37d6e50) 
thrown [s\open\src\hotspot\share\prims\jni.cpp, line 516]
Event: 9.813 Thread 0x000001f6e4983da0 Exception <a 'java/io/FileNotFoundException'{0x00000000a37e2100}> (0x00000000a37e2100) 
thrown [s\open\src\hotspot\share\prims\jni.cpp, line 516]
Event: 9.878 Thread 0x000001f6e4983da0 Exception <a 'java/lang/reflect/InvocationTargetException'{0x00000000a6b15380}> (0x00000000a6b15380) 
thrown [s\open\src\hotspot\share\runtime\reflection.cpp, line 1121]
Event: 9.929 Thread 0x000001f6e4983da0 Exception <a 'java/lang/reflect/InvocationTargetException'{0x00000000a5731228}> (0x00000000a5731228) 
thrown [s\open\src\hotspot\share\runtime\reflection.cpp, line 1121]
Event: 10.070 Thread 0x000001f6e4983da0 Exception <a 'java/lang/reflect/InvocationTargetException'{0x00000000a5342740}> (0x00000000a5342740) 
thrown [s\open\src\hotspot\share\runtime\reflection.cpp, line 1121]
Event: 10.666 Thread 0x000001f6e4983da0 Exception <a 'java/lang/IncompatibleClassChangeError'{0x00000000a3c68d78}: Found class java.lang.Object, but interface was expected> (0x00000000a3c68d78) 
thrown [s\open\src\hotspot\share\interpreter\linkResolver.cpp, line 826]
Event: 10.832 Thread 0x000001f6e4983da0 Exception <a 'java/lang/NoSuchMethodError'{0x00000000a57c2170}: 'java.lang.Object java.lang.invoke.DirectMethodHandle$Holder.invokeInterface(java.lang.Object, java.lang.Object, java.lang.Object, java.lang.Object)'> (0x00000000a57c2170) 
thrown [s\open\src\hotspot\share\interpreter\linkResolver.cpp, line 759]
Event: 10.916 Thread 0x000001f6e4983da0 Exception <a 'java/lang/NoSuchMethodError'{0x00000000a544c568}: 'void java.lang.invoke.DirectMethodHandle$Holder.invokeVirtual(java.lang.Object, java.lang.Object, long)'> (0x00000000a544c568) 
thrown [s\open\src\hotspot\share\interpreter\linkResolver.cpp, line 759]
Event: 11.304 Thread 0x000001f6e4983da0 Exception <a 'java/lang/NoSuchMethodError'{0x00000000a47bfdb0}: 'java.lang.Object java.lang.invoke.DirectMethodHandle$Holder.newInvokeSpecial(java.lang.Object, java.lang.Object, int, java.lang.Object, java.lang.Object)'> (0x00000000a47bfdb0) 
thrown [s\open\src\hotspot\share\interpreter\linkResolver.cpp, line 759]
Event: 11.305 Thread 0x000001f6e4983da0 Exception <a 'java/lang/NoSuchMethodError'{0x00000000a47cb048}: 'java.lang.Object java.lang.invoke.DirectMethodHandle$Holder.invokeSpecial(java.lang.Object, java.lang.Object, int, java.lang.Object, int, java.lang.Object)'> (0x00000000a47cb048) 
thrown [s\open\src\hotspot\share\interpreter\linkResolver.cpp, line 759]
Event: 11.306 Thread 0x000001f6e4983da0 Exception <a 'java/lang/NoSuchMethodError'{0x00000000a47d2dc0}: 'java.lang.Object java.lang.invoke.DirectMethodHandle$Holder.newInvokeSpecial(java.lang.Object, java.lang.Object, int, java.lang.Object, int)'> (0x00000000a47d2dc0) 
thrown [s\open\src\hotspot\share\interpreter\linkResolver.cpp, line 759]
Event: 11.306 Thread 0x000001f6e4983da0 Exception <a 'java/lang/NoSuchMethodError'{0x00000000a47d6ec0}: 'java.lang.Object java.lang.invoke.DirectMethodHandle$Holder.invokeSpecial(java.lang.Object, java.lang.Object, java.lang.Object, int, java.lang.Object, int)'> (0x00000000a47d6ec0) 
thrown [s\open\src\hotspot\share\interpreter\linkResolver.cpp, line 759]
Event: 22.405 Thread 0x000001f6faa20870 Exception <a 'java/lang/NoSuchMethodError'{0x00000000a4177e10}: 'java.lang.Object java.lang.invoke.DirectMethodHandle$Holder.invokeSpecial(java.lang.Object, java.lang.Object, java.lang.Object, java.lang.Object, java.lang.Object, long)'> (0x00000000a4177e10) 
thrown [s\open\src\hotspot\share\interpreter\linkResolver.cpp, line 759]
Event: 22.405 Thread 0x000001f6faa20870 Exception <a 'java/lang/NoSuchMethodError'{0x00000000a417b850}: 'java.lang.Object java.lang.invoke.Invokers$Holder.linkToTargetMethod(java.lang.Object, java.lang.Object, java.lang.Object, long, java.lang.Object)'> (0x00000000a417b850) 
thrown [s\open\src\hotspot\share\interpreter\linkResolver.cpp, line 759]
Event: 23.107 Thread 0x000001f6faa20870 Exception <a 'java/lang/NoSuchMethodError'{0x00000000a52e1858}: 'void java.lang.invoke.DirectMethodHandle$Holder.invokeSpecialIFC(java.lang.Object, java.lang.Object, int, java.lang.Object, java.lang.Object, java.lang.Object, java.lang.Object)'> (0x00000000a52e1858) 
thrown [s\open\src\hotspot\share\interpreter\linkResolver.cpp, line 759]
Event: 23.211 Thread 0x000001f6faa20870 Exception <a 'java/lang/NoSuchMethodError'{0x00000000a4e2f350}: 'void java.lang.invoke.DirectMethodHandle$Holder.invokeSpecial(java.lang.Object, java.lang.Object, java.lang.Object, java.lang.Object, java.lang.Object, java.lang.Object, java.lang.Object, java.lang.Object, java.lang.Object)'> (0x00000000a4e2f350) 
thrown [s\open\src\hotspot\share\interpreter\linkResolver.cpp, line 759]
Event: 23.216 Thread 0x000001f6faa20870 Exception <a 'java/lang/NoSuchMethodError'{0x00000000a4e60288}: 'int java.lang.invoke.DirectMethodHandle$Holder.invokeStatic(java.lang.Object, java.lang.Object, int, int)'> (0x00000000a4e60288) 
thrown [s\open\src\hotspot\share\interpreter\linkResolver.cpp, line 759]

VM Operations (20 events):
Event: 22.361 Executing VM operation: HandshakeAllThreads
Event: 22.361 Executing VM operation: HandshakeAllThreads done
Event: 22.361 Executing VM operation: Cleanup
Event: 22.361 Executing VM operation: Cleanup done
Event: 22.424 Executing VM operation: HandshakeAllThreads
Event: 22.425 Executing VM operation: HandshakeAllThreads done
Event: 22.587 Executing VM operation: HandshakeAllThreads
Event: 22.587 Executing VM operation: HandshakeAllThreads done
Event: 22.619 Executing VM operation: G1CollectForAllocation
Event: 22.630 Executing VM operation: G1CollectForAllocation done
Event: 23.009 Executing VM operation: HandshakeAllThreads
Event: 23.009 Executing VM operation: HandshakeAllThreads done
Event: 23.232 Executing VM operation: HandshakeAllThreads
Event: 23.233 Executing VM operation: HandshakeAllThreads done
Event: 23.257 Executing VM operation: HandshakeAllThreads
Event: 23.257 Executing VM operation: HandshakeAllThreads done
Event: 24.263 Executing VM operation: Cleanup
Event: 24.263 Executing VM operation: Cleanup done
Event: 74.985 Executing VM operation: G1TryInitiateConcMark
Event: 74.998 Executing VM operation: G1TryInitiateConcMark done

Events (20 events):
Event: 22.638 loading class java/nio/channels/Channels$1 done
Event: 22.668 loading class sun/security/util/ManifestEntryVerifier
Event: 22.668 loading class sun/security/util/ManifestEntryVerifier done
Event: 22.678 loading class java/io/FilenameFilter
Event: 22.678 loading class java/io/FilenameFilter done
Event: 22.722 loading class java/io/File$TempDirectory
Event: 22.722 loading class java/io/File$TempDirectory done
Event: 23.004 Loaded shared library C:\Users\Nodirbek\AppData\Local\Temp\xuggle\xuggle4892241019558322552.dll
Event: 23.250 loading class java/util/stream/LongStream
Event: 23.250 loading class java/util/stream/LongStream done
Event: 23.250 loading class java/util/stream/DoubleStream
Event: 23.251 loading class java/util/stream/DoubleStream done
Event: 23.273 loading class org/w3c/dom/Node
Event: 23.274 loading class org/w3c/dom/Node done
Event: 23.274 loading class org/w3c/dom/Document
Event: 23.274 loading class org/w3c/dom/Document done
Event: 23.300 loading class java/util/AbstractMap$SimpleEntry
Event: 23.300 loading class java/util/AbstractMap$SimpleEntry done
Event: 34.341 Thread 0x000001f6f4dce140 Thread exited: 0x000001f6f4dce140
Event: 34.341 Thread 0x000001f6fa7bb790 Thread exited: 0x000001f6fa7bb790


Dynamic libraries:
0x00007ff619720000 - 0x00007ff619730000 	C:\Program Files\Java\jdk-17.0.5\bin\java.exe
0x00007ff89b7d0000 - 0x00007ff89b9c8000 	C:\WINDOWS\SYSTEM32\ntdll.dll
0x00007ff89b6d0000 - 0x00007ff89b78f000 	C:\WINDOWS\System32\KERNEL32.DLL
0x00007ff899290000 - 0x00007ff899586000 	C:\WINDOWS\System32\KERNELBASE.dll
0x00007ff899730000 - 0x00007ff899830000 	C:\WINDOWS\System32\ucrtbase.dll
0x00007ff884a30000 - 0x00007ff884a4a000 	C:\Program Files\Java\jdk-17.0.5\bin\VCRUNTIME140.dll
0x00007ff88e7a0000 - 0x00007ff88e7b8000 	C:\Program Files\Java\jdk-17.0.5\bin\jli.dll
0x00007ff89abd0000 - 0x00007ff89ac7f000 	C:\WINDOWS\System32\ADVAPI32.dll
0x00007ff89a420000 - 0x00007ff89a4be000 	C:\WINDOWS\System32\msvcrt.dll
0x00007ff899c30000 - 0x00007ff899ccc000 	C:\WINDOWS\System32\sechost.dll
0x00007ff89ad10000 - 0x00007ff89ae36000 	C:\WINDOWS\System32\RPCRT4.dll
0x00007ff899900000 - 0x00007ff899a9d000 	C:\WINDOWS\System32\USER32.dll
0x00007ff898eb0000 - 0x00007ff898ed2000 	C:\WINDOWS\System32\win32u.dll
0x00007ff89aff0000 - 0x00007ff89b01c000 	C:\WINDOWS\System32\GDI32.dll
0x00007ff888d20000 - 0x00007ff888fba000 	C:\WINDOWS\WinSxS\amd64_microsoft.windows.common-controls_6595b64144ccf1df_6.0.19041.1110_none_60b5254171f9507e\COMCTL32.dll
0x00007ff898fa0000 - 0x00007ff8990b5000 	C:\WINDOWS\System32\gdi32full.dll
0x00007ff8995e0000 - 0x00007ff89967d000 	C:\WINDOWS\System32\msvcp_win.dll
0x00007ff88fd40000 - 0x00007ff88fd4a000 	C:\WINDOWS\SYSTEM32\VERSION.dll
0x00007ff89ac80000 - 0x00007ff89acb0000 	C:\WINDOWS\System32\IMM32.DLL
0x00007ff882090000 - 0x00007ff88209c000 	C:\Program Files\Java\jdk-17.0.5\bin\vcruntime140_1.dll
0x00007ff881a50000 - 0x00007ff881add000 	C:\Program Files\Java\jdk-17.0.5\bin\msvcp140.dll
0x00007ff86c0c0000 - 0x00007ff86cc82000 	C:\Program Files\Java\jdk-17.0.5\bin\server\jvm.dll
0x00007ff89b660000 - 0x00007ff89b668000 	C:\WINDOWS\System32\PSAPI.DLL
0x00007ff88fd10000 - 0x00007ff88fd37000 	C:\WINDOWS\SYSTEM32\WINMM.dll
0x00007ff8820a0000 - 0x00007ff8820a9000 	C:\WINDOWS\SYSTEM32\WSOCK32.dll
0x00007ff89a5a0000 - 0x00007ff89a60b000 	C:\WINDOWS\System32\ws2_32.DLL
0x00007ff896d60000 - 0x00007ff896d72000 	C:\WINDOWS\SYSTEM32\kernel.appcore.dll
0x00007ff88e690000 - 0x00007ff88e69a000 	C:\Program Files\Java\jdk-17.0.5\bin\jimage.dll
0x00007ff883fa0000 - 0x00007ff884184000 	C:\WINDOWS\SYSTEM32\DBGHELP.DLL
0x00007ff883f10000 - 0x00007ff883f44000 	C:\WINDOWS\SYSTEM32\dbgcore.DLL
0x00007ff898f10000 - 0x00007ff898f92000 	C:\WINDOWS\System32\bcryptPrimitives.dll
0x00007ff8911d0000 - 0x00007ff8911de000 	C:\Program Files\Java\jdk-17.0.5\bin\instrument.dll
0x00007ff87d490000 - 0x00007ff87d4b5000 	C:\Program Files\Java\jdk-17.0.5\bin\java.dll
0x00007ff8751e0000 - 0x00007ff8752b6000 	C:\Program Files\Java\jdk-17.0.5\bin\jsvml.dll
0x00007ff899cd0000 - 0x00007ff89a414000 	C:\WINDOWS\System32\SHELL32.dll
0x00007ff896f60000 - 0x00007ff8976f4000 	C:\WINDOWS\SYSTEM32\windows.storage.dll
0x00007ff89a870000 - 0x00007ff89abc4000 	C:\WINDOWS\System32\combase.dll
0x00007ff898820000 - 0x00007ff89884e000 	C:\WINDOWS\SYSTEM32\Wldp.dll
0x00007ff89a4c0000 - 0x00007ff89a56d000 	C:\WINDOWS\System32\SHCORE.dll
0x00007ff89a670000 - 0x00007ff89a6c5000 	C:\WINDOWS\System32\shlwapi.dll
0x00007ff898de0000 - 0x00007ff898e05000 	C:\WINDOWS\SYSTEM32\profapi.dll
0x00007ff878600000 - 0x00007ff878618000 	C:\Program Files\Java\jdk-17.0.5\bin\zip.dll
0x00007ff87f8e0000 - 0x00007ff87f8f9000 	C:\Program Files\Java\jdk-17.0.5\bin\net.dll
0x00007ff88f230000 - 0x00007ff88f33a000 	C:\WINDOWS\SYSTEM32\WINHTTP.dll
0x00007ff898580000 - 0x00007ff8985ea000 	C:\WINDOWS\system32\mswsock.dll
0x00007ff87d0e0000 - 0x00007ff87d0f6000 	C:\Program Files\Java\jdk-17.0.5\bin\nio.dll
0x00007ff889080000 - 0x00007ff88909a000 	C:\Program Files\JetBrains\IntelliJ IDEA 2023.2\bin\breakgen64.dll
0x00007ff8982b0000 - 0x00007ff89837a000 	C:\WINDOWS\SYSTEM32\DNSAPI.dll
0x00007ff898270000 - 0x00007ff8982ac000 	C:\WINDOWS\SYSTEM32\IPHLPAPI.DLL
0x00007ff89b490000 - 0x00007ff89b498000 	C:\WINDOWS\System32\NSI.dll
0x00007ff886c90000 - 0x00007ff886c9a000 	C:\Windows\System32\rasadhlp.dll
0x00007ff8889e0000 - 0x00007ff888a62000 	C:\WINDOWS\System32\fwpuclnt.dll
0x00007ff898ee0000 - 0x00007ff898f07000 	C:\WINDOWS\System32\bcrypt.dll
0x00007ff88ea00000 - 0x00007ff88ea09000 	C:\Program Files\Java\jdk-17.0.5\bin\management.dll
0x00007ff88a840000 - 0x00007ff88a84b000 	C:\Program Files\Java\jdk-17.0.5\bin\management_ext.dll
0x00007ff898770000 - 0x00007ff898788000 	C:\WINDOWS\SYSTEM32\CRYPTSP.dll
0x00007ff897ea0000 - 0x00007ff897ed4000 	C:\WINDOWS\system32\rsaenh.dll
0x00007ff898d60000 - 0x00007ff898d8e000 	C:\WINDOWS\SYSTEM32\USERENV.dll
0x00007ff898790000 - 0x00007ff89879c000 	C:\WINDOWS\SYSTEM32\CRYPTBASE.dll
0x00007ff88f4c0000 - 0x00007ff88f4d7000 	C:\WINDOWS\SYSTEM32\dhcpcsvc6.DLL
0x00007ff88f8f0000 - 0x00007ff88f90d000 	C:\WINDOWS\SYSTEM32\dhcpcsvc.DLL
0x00007ff874db0000 - 0x00007ff874dc7000 	C:\WINDOWS\system32\napinsp.dll
0x00007ff874d90000 - 0x00007ff874dab000 	C:\WINDOWS\system32\pnrpnsp.dll
0x00007ff893c20000 - 0x00007ff893c35000 	C:\WINDOWS\system32\wshbth.dll
0x00007ff894840000 - 0x00007ff89485d000 	C:\WINDOWS\system32\NLAapi.dll
0x00007ff874d70000 - 0x00007ff874d82000 	C:\WINDOWS\System32\winrnr.dll
0x00007ff88a320000 - 0x00007ff88a32e000 	C:\Program Files\Java\jdk-17.0.5\bin\sunmscapi.dll
0x00007ff8990c0000 - 0x00007ff89921e000 	C:\WINDOWS\System32\CRYPT32.dll
0x00007ff898890000 - 0x00007ff8988b8000 	C:\WINDOWS\SYSTEM32\ncrypt.dll
0x00007ff898850000 - 0x00007ff89888b000 	C:\WINDOWS\SYSTEM32\NTASN1.dll
0x00007ff88a480000 - 0x00007ff88a490000 	C:\Program Files\Java\jdk-17.0.5\bin\verify.dll
0x00007ff88aac0000 - 0x00007ff88aac7000 	C:\WINDOWS\system32\wshunix.dll
0x000000006e740000 - 0x000000006fda5000 	C:\Users\Nodirbek\AppData\Local\Temp\xuggle\xuggle4892241019558322552.dll
0x00007ff89b530000 - 0x00007ff89b65a000 	C:\WINDOWS\System32\ole32.dll
0x00007ff889060000 - 0x00007ff889079000 	C:\WINDOWS\SYSTEM32\AVICAP32.dll
0x00007ff874ab0000 - 0x00007ff874adb000 	C:\WINDOWS\SYSTEM32\MSVFW32.dll

dbghelp: loaded successfully - version: 4.0.5 - missing functions: none
symbol engine: initialized successfully - sym options: 0x614 - pdb path: .;C:\Program Files\Java\jdk-17.0.5\bin;C:\WINDOWS\SYSTEM32;C:\WINDOWS\WinSxS\amd64_microsoft.windows.common-controls_6595b64144ccf1df_6.0.19041.1110_none_60b5254171f9507e;C:\Program Files\Java\jdk-17.0.5\bin\server;C:\Program Files\JetBrains\IntelliJ IDEA 2023.2\bin;C:\Users\Nodirbek\AppData\Local\Temp\xuggle

VM Arguments:
jvm_args: -XX:TieredStopAtLevel=1 -Dspring.output.ansi.enabled=always -Dcom.sun.management.jmxremote -Dspring.jmx.enabled=true -Dspring.liveBeansView.mbeanDomain -Dspring.application.admin.enabled=true -Dmanagement.endpoints.jmx.exposure.include=* -javaagent:C:\Program Files\JetBrains\IntelliJ IDEA 2023.2\lib\idea_rt.jar=54270:C:\Program Files\JetBrains\IntelliJ IDEA 2023.2\bin -Dfile.encoding=UTF-8 
java_command: com.example.Application
java_class_path (initial): C:\Users\Nodirbek\JAVA PROJECTS\youtube.uz\target\classes;C:\Users\Nodirbek\.m2\repository\org\springframework\boot\spring-boot-starter-security\3.1.2\spring-boot-starter-security-3.1.2.jar;C:\Users\Nodirbek\.m2\repository\org\springframework\boot\spring-boot-starter\3.1.2\spring-boot-starter-3.1.2.jar;C:\Users\Nodirbek\.m2\repository\org\springframework\boot\spring-boot\3.1.2\spring-boot-3.1.2.jar;C:\Users\Nodirbek\.m2\repository\org\springframework\boot\spring-boot-autoconfigure\3.1.2\spring-boot-autoconfigure-3.1.2.jar;C:\Users\Nodirbek\.m2\repository\org\springframework\boot\spring-boot-starter-logging\3.1.2\spring-boot-starter-logging-3.1.2.jar;C:\Users\Nodirbek\.m2\repository\ch\qos\logback\logback-classic\1.4.8\logback-classic-1.4.8.jar;C:\Users\Nodirbek\.m2\repository\ch\qos\logback\logback-core\1.4.8\logback-core-1.4.8.jar;C:\Users\Nodirbek\.m2\repository\org\apache\logging\log4j\log4j-to-slf4j\2.20.0\log4j-to-slf4j-2.20.0.jar;C:\Users\Nodirbek\.m2\repository\org\apache\logging\log4j\log4j-api\2.20.0\log4j-api-2.20.0.jar;C:\Users\Nodirbek\.m2\repository\org\slf4j\jul-to-slf4j\2.0.7\jul-to-slf4j-2.0.7.jar;C:\Users\Nodirbek\.m2\repository\jakarta\annotation\jakarta.annotation-api\2.1.1\jakarta.annotation-api-2.1.1.jar;C:\Users\Nodirbek\.m2\repository\org\yaml\snakeyaml\1.33\snakeyaml-1.33.jar;C:\Users\Nodirbek\.m2\repository\org\springframework\spring-aop\6.0.11\spring-aop-6.0.11.jar;C:\Users\Nodirbek\.m2\repository\org\springframework\spring-beans\6.0.11\spring-beans-6.0.11.jar;C:\Users\Nodirbek\.m2\repository\org\springframework\security\spring-security-config\6.1.2\spring-security-config-6.1.2.jar;C:\Users\Nodirbek\.m2\repository\org\springframework\security\spring-security-core\6.1.2\spring-security-core-6.1.2.jar;C:\Users\Nodirbek\.m2\repository\org\springframework\security\spring-security-crypto\6.1.2\spring-security-crypto-6.1.2.jar;C:\Users\Nodirbek\.m2\repository\org\springframework\spring-context\6.0.11\spring-context-6.
Launcher Type: SUN_STANDARD

[Global flags]
     intx CICompilerCount                          = 3                                         {product} {ergonomic}
     uint ConcGCThreads                            = 1                                         {product} {ergonomic}
     uint G1ConcRefinementThreads                  = 4                                         {product} {ergonomic}
   size_t G1HeapRegionSize                         = 1048576                                   {product} {ergonomic}
    uintx GCDrainStackTargetSize                   = 64                                        {product} {ergonomic}
   size_t InitialHeapSize                          = 100663296                                 {product} {ergonomic}
     bool ManagementServer                         = true                                      {product} {command line}
   size_t MarkStackSize                            = 4194304                                   {product} {ergonomic}
   size_t MaxHeapSize                              = 1598029824                                {product} {ergonomic}
   size_t MaxNewSize                               = 958398464                                 {product} {ergonomic}
   size_t MinHeapDeltaBytes                        = 1048576                                   {product} {ergonomic}
   size_t MinHeapSize                              = 8388608                                   {product} {ergonomic}
    uintx NonProfiledCodeHeapSize                  = 0                                      {pd product} {ergonomic}
     bool ProfileInterpreter                       = false                                  {pd product} {command line}
    uintx ProfiledCodeHeapSize                     = 0                                      {pd product} {ergonomic}
   size_t SoftMaxHeapSize                          = 1598029824                             {manageable} {ergonomic}
     intx TieredStopAtLevel                        = 1                                         {product} {command line}
     bool UseCompressedClassPointers               = true                           {product lp64_product} {ergonomic}
     bool UseCompressedOops                        = true                           {product lp64_product} {ergonomic}
     bool UseG1GC                                  = true                                      {product} {ergonomic}
     bool UseLargePagesIndividualAllocation        = false                                  {pd product} {ergonomic}

Logging:
Log output configuration:
 #0: stdout all=warning uptime,level,tags
 #1: stderr all=off uptime,level,tags

Environment Variables:
JAVA_HOME=C:\Program Files\Java\jdk-17.0.5
PATH=C:\Program Files\Common Files\Oracle\Java\javapath;C:\WINDOWS\system32;C:\WINDOWS;C:\WINDOWS\System32\Wbem;C:\WINDOWS\System32\WindowsPowerShell\v1.0\;C:\WINDOWS\System32\OpenSSH\;C:\Program Files\Java\jdk-17.0.5\bin;C:\jtools\apache-maven-3.9.0\bin;C:\Program Files\dotnet\;C:\Program Files\Git\cmd;C:\Users\Nodirbek\AppData\Local\Microsoft\WindowsApps;C:\Program Files\JetBrains\IntelliJ IDEA Community Edition 2022.3\bin;;C:\Program Files\java jdk\jdk-17.0.5_windows-x64_bin.zip\jdk-17.0.5\bin;;C:\Program Files\JetBrains\IntelliJ IDEA 2023.2\bin;
USERNAME=Nodirbek
OS=Windows_NT
PROCESSOR_IDENTIFIER=AMD64 Family 23 Model 24 Stepping 1, AuthenticAMD



---------------  S Y S T E M  ---------------

OS:
 Windows 10 , 64 bit Build 19041 (10.0.19041.3155)
OS uptime: 8 days 21:36 hours

CPU: total 4 (initial active 4) (4 cores per cpu, 2 threads per core) family 23 model 24 stepping 1 microcode 0x0, cx8, cmov, fxsr, ht, mmx, 3dnowpref, sse, sse2, sse3, ssse3, sse4a, sse4.1, sse4.2, popcnt, lzcnt, tsc, tscinvbit, avx, avx2, aes, clmul, bmi1, bmi2, adx, sha, fma, vzeroupper, clflush, clflushopt

Memory: 4k page, system-wide physical 6090M (823M free)
TotalPageFile size 13543M (AvailPageFile size 2298M)
current process WorkingSet (physical memory assigned to process): 233M, peak: 233M
current process commit charge ("private bytes"): 272M, peak: 273M

vm_info: Java HotSpot(TM) 64-Bit Server VM (17.0.5+9-LTS-191) for windows-amd64 JRE (17.0.5+9-LTS-191), built on Sep 13 2022 17:31:43 by "mach5one" with MS VC++ 16.8 / 16.9 (VS2019)

END.
